\BOOKMARK [1][-]{section.1}{\376\377\0001\000\040\000E\000i\000n\000f\000\374\000h\000r\000u\000n\000g}{}% 1
\BOOKMARK [2][-]{subsection.1.1}{\376\377\0001\000.\0001\000\040\000K\000a\000u\000s\000a\000l\000e\000\040\000I\000n\000f\000e\000r\000e\000n\000z}{section.1}% 2
\BOOKMARK [2][-]{subsection.1.2}{\376\377\0001\000.\0002\000\040\000M\000o\000t\000i\000v\000a\000t\000i\000o\000n}{section.1}% 3
\BOOKMARK [2][-]{subsection.1.3}{\376\377\0001\000.\0003\000\040\000F\000i\000n\000d\000e\000n\000\040\000v\000o\000n\000\040\000A\000T\000E}{section.1}% 4
\BOOKMARK [3][-]{subsubsection.1.3.1}{\376\377\0001\000.\0003\000.\0001\000\040\000E\000x\000p\000e\000r\000i\000m\000e\000n\000t\000d\000u\000r\000c\000h\000f\000\374\000h\000r\000u\000n\000g}{subsection.1.3}% 5
\BOOKMARK [3][-]{subsubsection.1.3.2}{\376\377\0001\000.\0003\000.\0002\000\040\000B\000e\000o\000b\000a\000c\000h\000t\000u\000n\000g\000s\000s\000t\000u\000d\000i\000e\000d\000u\000r\000c\000h\000f\000\374\000h\000r\000u\000n\000g}{subsection.1.3}% 6
\BOOKMARK [2][-]{subsection.1.4}{\376\377\0001\000.\0004\000\040\000Z\000i\000e\000l\000e\000\040\000u\000n\000d\000\040\000M\000e\000t\000h\000o\000d\000i\000k}{section.1}% 7
\BOOKMARK [1][-]{section.2}{\376\377\0002\000\040\000M\000e\000t\000h\000o\000d\000e\000n\000\040\000f\000\374\000r\000\040\000k\000a\000u\000s\000a\000l\000e\000\040\000I\000n\000f\000e\000r\000e\000n\000z}{}% 8
\BOOKMARK [2][-]{subsection.2.1}{\376\377\0002\000.\0001\000\040\000A\000l\000l\000g\000e\000m\000e\000i\000n\000e\000\040\000T\000e\000c\000h\000n\000i\000k\000e\000n}{section.2}% 9
\BOOKMARK [3][-]{subsubsection.2.1.1}{\376\377\0002\000.\0001\000.\0001\000\040\000A\000n\000p\000a\000s\000s\000u\000n\000g\000\040\000f\000\374\000r\000\040\000K\000o\000v\000a\000r\000i\000a\000t\000e\000n}{subsection.2.1}% 10
\BOOKMARK [3][-]{subsubsection.2.1.2}{\376\377\0002\000.\0001\000.\0002\000\040\000P\000r\000o\000p\000e\000n\000s\000i\000t\000y\000\040\000S\000c\000o\000r\000e\000\040\000M\000a\000t\000c\000h\000i\000n\000g}{subsection.2.1}% 11
\BOOKMARK [3][-]{subsubsection.2.1.3}{\376\377\0002\000.\0001\000.\0003\000\040\000I\000n\000v\000e\000r\000s\000e\000\040\000P\000r\000o\000b\000a\000b\000i\000l\000i\000t\000y\000\040\000W\000e\000i\000g\000h\000t\000i\000n\000g}{subsection.2.1}% 12
\BOOKMARK [2][-]{subsection.2.2}{\376\377\0002\000.\0002\000\040\000M\000e\000t\000h\000o\000d\000e\000n\000\040\000i\000n\000\040\000u\000n\000s\000e\000r\000e\000r\000\040\000I\000m\000p\000l\000e\000m\000e\000n\000t\000i\000e\000r\000u\000n\000g}{section.2}% 13
\BOOKMARK [3][-]{subsubsection.2.2.1}{\376\377\0002\000.\0002\000.\0001\000\040\000Q\000u\000a\000s\000i\000-\000O\000r\000a\000c\000l\000e\000\040\000S\000c\000h\000\344\000t\000u\000n\000g}{subsection.2.2}% 14
\BOOKMARK [4][-]{subsubsubsection.2.2.1.1}{\376\377\0002\000.\0002\000.\0001\000.\0001\000\040\000L\000a\000s\000s\000o}{subsubsection.2.2.1}% 15
\BOOKMARK [4][-]{subsubsubsection.2.2.1.2}{\376\377\0002\000.\0002\000.\0001\000.\0002\000\040\000G\000r\000a\000d\000i\000e\000n\000t\000\040\000B\000o\000o\000s\000t\000i\000n\000g}{subsubsection.2.2.1}% 16
\BOOKMARK [3][-]{subsubsection.2.2.2}{\376\377\0002\000.\0002\000.\0002\000\040\000K\000a\000u\000s\000a\000l\000e\000\040\000W\000\344\000l\000d\000e\000r}{subsection.2.2}% 17
\BOOKMARK [1][-]{section.3}{\376\377\0003\000\040\000S\000y\000n\000t\000h\000-\000V\000a\000l\000i\000d\000a\000t\000i\000o\000n}{}% 18
\BOOKMARK [2][-]{subsection.3.1}{\376\377\0003\000.\0001\000\040\000G\000e\000n\000e\000r\000i\000e\000r\000u\000n\000g\000\040\000v\000o\000n\000\040\000s\000y\000n\000t\000h\000e\000t\000i\000s\000c\000h\000e\000n\000\040\000D\000a\000t\000e\000n}{section.3}% 19
\BOOKMARK [3][-]{subsubsection.3.1.1}{\376\377\0003\000.\0001\000.\0001\000\040\000A\000u\000s\000w\000a\000h\000l\000\040\000v\000o\000n\000\040\000s\000y\000n\000t\000h\000e\000t\000i\000s\000c\000h\000e\000n\000\040\000E\000f\000f\000e\000k\000t\000e\000n}{subsection.3.1}% 20
\BOOKMARK [3][-]{subsubsection.3.1.2}{\376\377\0003\000.\0001\000.\0002\000\040\000S\000c\000h\000\344\000t\000z\000u\000n\000g\000\040\000v\000o\000n\000\040\000b\000e\000d\000i\000n\000g\000t\000e\000n\000\040\000E\000r\000w\000a\000r\000t\000u\000n\000g\000s\000w\000e\000r\000t\000e\000n}{subsection.3.1}% 21
\BOOKMARK [2][-]{subsection.3.2}{\376\377\0003\000.\0002\000\040\000M\000e\000t\000h\000o\000d\000e\000n\000a\000u\000s\000w\000a\000h\000l}{section.3}% 22
\BOOKMARK [1][-]{section.4}{\376\377\0004\000\040\000I\000m\000p\000l\000e\000m\000e\000n\000t\000i\000e\000r\000u\000n\000g}{}% 23
\BOOKMARK [2][-]{subsection.4.1}{\376\377\0004\000.\0001\000\040\000F\000r\000e\000m\000d\000e\000\040\000B\000i\000b\000l\000i\000o\000t\000h\000e\000k\000e\000n}{section.4}% 24
\BOOKMARK [2][-]{subsection.4.2}{\376\377\0004\000.\0002\000\040\000L\000e\000s\000e\000n\000/\000S\000c\000h\000r\000e\000i\000b\000e\000n\000\040\000v\000o\000n\000\040\000D\000a\000t\000e\000n}{section.4}% 25
\BOOKMARK [2][-]{subsection.4.3}{\376\377\0004\000.\0003\000\040\000Z\000i\000e\000h\000e\000n\000\040\000v\000o\000n\000\040\000S\000t\000i\000c\000h\000p\000r\000o\000b\000e\000n}{section.4}% 26
\BOOKMARK [2][-]{subsection.4.4}{\376\377\0004\000.\0004\000\040\000M\000e\000t\000h\000o\000d\000e\000n\000\040\000f\000\374\000r\000\040\000k\000a\000u\000s\000a\000l\000e\000\040\000I\000n\000f\000e\000r\000e\000n\000z}{section.4}% 27
\BOOKMARK [2][-]{subsection.4.5}{\376\377\0004\000.\0005\000\040\000S\000y\000n\000t\000h\000-\000V\000a\000l\000i\000d\000a\000t\000i\000o\000n}{section.4}% 28
\BOOKMARK [3][-]{subsubsection.4.5.1}{\376\377\0004\000.\0005\000.\0001\000\040\000D\000a\000t\000e\000n\000s\000t\000r\000u\000k\000t\000u\000r\000e\000n}{subsection.4.5}% 29
\BOOKMARK [3][-]{subsubsection.4.5.2}{\376\377\0004\000.\0005\000.\0002\000\040\000S\000c\000h\000\344\000t\000z\000u\000n\000g}{subsection.4.5}% 30
\BOOKMARK [3][-]{subsubsection.4.5.3}{\376\377\0004\000.\0005\000.\0003\000\040\000C\000o\000n\000s\000t\000r\000a\000i\000n\000e\000d\000\040\000B\000o\000o\000s\000t\000i\000n\000g}{subsection.4.5}% 31
\BOOKMARK [3][-]{subsubsection.4.5.4}{\376\377\0004\000.\0005\000.\0004\000\040\000M\000e\000t\000h\000o\000d\000e\000n\000a\000u\000s\000w\000a\000h\000l}{subsection.4.5}% 32
\BOOKMARK [2][-]{subsection.4.6}{\376\377\0004\000.\0006\000\040\000B\000e\000n\000c\000h\000m\000a\000r\000k\000\040\000v\000o\000n\000\040\000S\000y\000n\000t\000h\000-\000V\000a\000l\000i\000d\000a\000t\000i\000o\000n}{section.4}% 33
\BOOKMARK [2][-]{subsection.4.7}{\376\377\0004\000.\0007\000\040\000E\000r\000s\000t\000e\000l\000l\000u\000n\000g\000\040\000v\000o\000n\000\040\000A\000b\000b\000i\000l\000d\000u\000n\000g\000e\000n}{section.4}% 34
\BOOKMARK [2][-]{subsection.4.8}{\376\377\0004\000.\0008\000\040\000E\000x\000p\000e\000r\000i\000m\000e\000n\000t\000e\000n}{section.4}% 35
\BOOKMARK [2][-]{subsection.4.9}{\376\377\0004\000.\0009\000\040\000A\000n\000d\000e\000r\000e\000r\000\040\000C\000o\000d\000e}{section.4}% 36
\BOOKMARK [1][-]{section.5}{\376\377\0005\000\040\000E\000r\000g\000e\000b\000n\000i\000s\000s\000e\000\040\000u\000n\000d\000\040\000E\000v\000a\000l\000u\000a\000t\000i\000o\000n}{}% 37
\BOOKMARK [2][-]{subsection.5.1}{\376\377\0005\000.\0001\000\040\000M\000e\000t\000h\000o\000d\000i\000k\000\040\000u\000n\000d\000\040\000D\000a\000t\000e\000n}{section.5}% 38
\BOOKMARK [2][-]{subsection.5.2}{\376\377\0005\000.\0002\000\040\000T\000O\000D\000O}{section.5}% 39
\BOOKMARK [1][-]{section.6}{\376\377\0006\000\040\000S\000c\000h\000l\000u\000s\000s\000f\000o\000l\000g\000e\000r\000u\000n\000g}{}% 40
\BOOKMARK [2][-]{subsection.6.1}{\376\377\0006\000.\0001\000\040\000Z\000u\000s\000a\000m\000m\000e\000n\000f\000a\000s\000s\000u\000n\000g}{section.6}% 41
\BOOKMARK [2][-]{subsection.6.2}{\376\377\0006\000.\0002\000\040\000D\000i\000s\000k\000u\000s\000s\000i\000o\000n}{section.6}% 42
\BOOKMARK [1][-]{section*.5}{\376\377\000A\000n\000h\000a\000n\000g}{}% 43
\BOOKMARK [1][-]{section*.5}{\376\377\000L\000i\000t\000e\000r\000a\000t\000u\000r}{}% 44
